Standard Commons Logging discovery in action with spring-jcl: please remove commons-logging.jar from classpath in order to avoid potential conflicts

  .   ____          _            __ _ _
 /\\ / ___'_ __ _ _(_)_ __  __ _ \ \ \ \
( ( )\___ | '_ | '_| | '_ \/ _` | \ \ \ \
 \\/  ___)| |_)| | | | | || (_| |  ) ) ) )
  '  |____| .__|_| |_|_| |_\__, | / / / /
 =========|_|==============|___/=/_/_/_/
 :: Spring Boot ::                (v3.2.0)

2026-05-02T07:32:02.291+05:30  INFO 61196 --- [smart-resume-analyzer] [           main] c.r.SmartResumeAnalyzerApplication       : Starting SmartResumeAnalyzerApplication v1.0.0 using Java 17.0.15 with PID 61196 (C:\Users\manis\smart-resume-analyzer\backend\target\smart-resume-analyzer-1.0.0.jar started by manis in C:\Users\manis\smart-resume-analyzer)
2026-05-02T07:32:02.350+05:30  INFO 61196 --- [smart-resume-analyzer] [           main] c.r.SmartResumeAnalyzerApplication       : No active profile set, falling back to 1 default profile: "default"
2026-05-02T07:32:09.770+05:30  INFO 61196 --- [smart-resume-analyzer] [           main] .s.d.r.c.RepositoryConfigurationDelegate : Bootstrapping Spring Data JPA repositories in DEFAULT mode.
2026-05-02T07:32:10.425+05:30  INFO 61196 --- [smart-resume-analyzer] [           main] .s.d.r.c.RepositoryConfigurationDelegate : Finished Spring Data repository scanning in 618 ms. Found 1 JPA repository interface.
2026-05-02T07:32:15.710+05:30  INFO 61196 --- [smart-resume-analyzer] [           main] o.s.b.w.embedded.tomcat.TomcatWebServer  : Tomcat initialized with port 8080 (http)
2026-05-02T07:32:15.758+05:30  INFO 61196 --- [smart-resume-analyzer] [           main] o.apache.catalina.core.StandardService   : Starting service [Tomcat]
2026-05-02T07:32:15.762+05:30  INFO 61196 --- [smart-resume-analyzer] [           main] o.apache.catalina.core.StandardEngine    : Starting Servlet engine: [Apache Tomcat/10.1.16]
2026-05-02T07:32:16.257+05:30  INFO 61196 --- [smart-resume-analyzer] [           main] o.a.c.c.C.[Tomcat].[localhost].[/]       : Initializing Spring embedded WebApplicationContext
2026-05-02T07:32:16.301+05:30  INFO 61196 --- [smart-resume-analyzer] [           main] w.s.c.ServletWebServerApplicationContext : Root WebApplicationContext: initialization completed in 13447 ms
Standard Commons Logging discovery in action with spring-jcl: please remove commons-logging.jar from classpath in order to avoid potential conflicts
2026-05-02T07:32:18.461+05:30  INFO 61196 --- [smart-resume-analyzer] [           main] o.hibernate.jpa.internal.util.LogHelper  : HHH000204: Processing PersistenceUnitInfo [name: default]
2026-05-02T07:32:19.042+05:30  INFO 61196 --- [smart-resume-analyzer] [           main] org.hibernate.Version                    : HHH000412: Hibernate ORM core version 6.3.1.Final
2026-05-02T07:32:19.521+05:30  INFO 61196 --- [smart-resume-analyzer] [           main] o.h.c.internal.RegionFactoryInitiator    : HHH000026: Second-level cache disabled
2026-05-02T07:32:21.593+05:30  INFO 61196 --- [smart-resume-analyzer] [           main] o.s.o.j.p.SpringPersistenceUnitInfo      : No LoadTimeWeaver setup: ignoring JPA class transformer
2026-05-02T07:32:21.694+05:30  INFO 61196 --- [smart-resume-analyzer] [           main] com.zaxxer.hikari.HikariDataSource       : HikariPool-1 - Starting...
2026-05-02T07:32:22.609+05:30  INFO 61196 --- [smart-resume-analyzer] [           main] com.zaxxer.hikari.pool.HikariPool        : HikariPool-1 - Added connection org.postgresql.jdbc.PgConnection@2ee92e7d
2026-05-02T07:32:22.614+05:30  INFO 61196 --- [smart-resume-analyzer] [           main] com.zaxxer.hikari.HikariDataSource       : HikariPool-1 - Start completed.
2026-05-02T07:32:22.759+05:30  WARN 61196 --- [smart-resume-analyzer] [           main] org.hibernate.orm.deprecation            : HHH90000025: PostgreSQLDialect does not need to be specified explicitly using 'hibernate.dialect' (remove the property setting and it will be selected by default)
2026-05-02T07:32:28.102+05:30  INFO 61196 --- [smart-resume-analyzer] [           main] o.h.e.t.j.p.i.JtaPlatformInitiator       : HHH000489: No JTA platform available (set 'hibernate.transaction.jta.platform' to enable JTA platform integration)
2026-05-02T07:32:28.539+05:30  INFO 61196 --- [smart-resume-analyzer] [           main] j.LocalContainerEntityManagerFactoryBean : Initialized JPA EntityManagerFactory for persistence unit 'default'
2026-05-02T07:32:30.447+05:30  WARN 61196 --- [smart-resume-analyzer] [           main] JpaBaseConfiguration$JpaWebConfiguration : spring.jpa.open-in-view is enabled by default. Therefore, database queries may be performed during view rendering. Explicitly configure spring.jpa.open-in-view to disable this warning
2026-05-02T07:32:30.533+05:30  INFO 61196 --- [smart-resume-analyzer] [           main] o.s.b.a.w.s.WelcomePageHandlerMapping    : Adding welcome page: class path resource [static/index.html]
2026-05-02T07:32:32.958+05:30  INFO 61196 --- [smart-resume-analyzer] [           main] o.s.b.w.embedded.tomcat.TomcatWebServer  : Tomcat started on port 8080 (http) with context path ''
2026-05-02T07:32:32.984+05:30  INFO 61196 --- [smart-resume-analyzer] [           main] c.r.SmartResumeAnalyzerApplication       : Started SmartResumeAnalyzerApplication in 33.118 seconds (process running for 36.632)
2026-05-02T07:33:23.057+05:30  INFO 61196 --- [smart-resume-analyzer] [nio-8080-exec-2] o.a.c.c.C.[Tomcat].[localhost].[/]       : Initializing Spring DispatcherServlet 'dispatcherServlet'
2026-05-02T07:33:23.060+05:30  INFO 61196 --- [smart-resume-analyzer] [nio-8080-exec-2] o.s.web.servlet.DispatcherServlet        : Initializing Servlet 'dispatcherServlet'
2026-05-02T07:33:23.062+05:30  INFO 61196 --- [smart-resume-analyzer] [nio-8080-exec-2] o.s.web.servlet.DispatcherServlet        : Completed initialization in 2 ms
